  main.c
C:\Users\pupil.F245-LAB\source\repos\Game\main.c(10,11): warning C4244: 'function': conversion from 'time_t' to 'unsigned int', possible loss of data
C:\Users\pupil.F245-LAB\source\repos\Game\main.c(13,12): warning C4566: character represented by universal-character-name '\u042F' cannot be represented in the current code page (1252)
C:\Users\pupil.F245-LAB\source\repos\Game\main.c(13,12): warning C4566: character represented by universal-character-name '\u0437' cannot be represented in the current code page (1252)
C:\Users\pupil.F245-LAB\source\repos\Game\main.c(13,12): warning C4566: character represented by universal-character-name '\u0430' cannot be represented in the current code page (1252)
C:\Users\pupil.F245-LAB\source\repos\Game\main.c(13,12): warning C4566: character represented by universal-character-name '\u0433' cannot be represented in the current code page (1252)
C:\Users\pupil.F245-LAB\source\repos\Game\main.c(13,12): warning C4566: character represented by universal-character-name '\u0434' cannot be represented in the current code page (1252)
C:\Users\pupil.F245-LAB\source\repos\Game\main.c(13,12): warning C4566: character represented by universal-character-name '\u043B' cannot be represented in the current code page (1252)
C:\Users\pupil.F245-LAB\source\repos\Game\main.c(13,12): warning C4566: character represented by universal-character-name '\u0447' cannot be represented in the current code page (1252)
C:\Users\pupil.F245-LAB\source\repos\Game\main.c(13,12): warning C4566: character represented by universal-character-name '\u0438' cannot be represented in the current code page (1252)
C:\Users\pupil.F245-LAB\source\repos\Game\main.c(13,12): warning C4566: character represented by universal-character-name '\u0441' cannot be represented in the current code page (1252)
C:\Users\pupil.F245-LAB\source\repos\Game\main.c(13,12): warning C4566: character represented by universal-character-name '\u043E' cannot be represented in the current code page (1252)
C:\Users\pupil.F245-LAB\source\repos\Game\main.c(13,12): warning C4566: character represented by universal-character-name '\u0442' cannot be represented in the current code page (1252)
C:\Users\pupil.F245-LAB\source\repos\Game\main.c(13,12): warning C4566: character represented by universal-character-name '\u0423' cannot be represented in the current code page (1252)
C:\Users\pupil.F245-LAB\source\repos\Game\main.c(13,12): warning C4566: character represented by universal-character-name '\u0435' cannot be represented in the current code page (1252)
C:\Users\pupil.F245-LAB\source\repos\Game\main.c(13,12): warning C4566: character represented by universal-character-name '\u0431' cannot be represented in the current code page (1252)
C:\Users\pupil.F245-LAB\source\repos\Game\main.c(13,12): warning C4566: character represented by universal-character-name '\u044F' cannot be represented in the current code page (1252)
C:\Users\pupil.F245-LAB\source\repos\Game\main.c(13,12): warning C4566: character represented by universal-character-name '\u0432' cannot be represented in the current code page (1252)
C:\Users\pupil.F245-LAB\source\repos\Game\main.c(13,12): warning C4566: character represented by universal-character-name '\u043F' cannot be represented in the current code page (1252)
C:\Users\pupil.F245-LAB\source\repos\Game\main.c(13,12): warning C4566: character represented by universal-character-name '\u044B' cannot be represented in the current code page (1252)
C:\Users\pupil.F245-LAB\source\repos\Game\main.c(13,12): warning C4566: character represented by universal-character-name '\u043A' cannot be represented in the current code page (1252)
C:\Users\pupil.F245-LAB\source\repos\Game\main.c(13,12): warning C4566: character represented by universal-character-name '\u0443' cannot be represented in the current code page (1252)
C:\Users\pupil.F245-LAB\source\repos\Game\main.c(13,12): warning C4566: character represented by universal-character-name '\u044C' cannot be represented in the current code page (1252)
C:\Users\pupil.F245-LAB\source\repos\Game\main.c(16,16): warning C4566: character represented by universal-character-name '\u0412' cannot be represented in the current code page (1252)
C:\Users\pupil.F245-LAB\source\repos\Game\main.c(16,16): warning C4566: character represented by universal-character-name '\u0432' cannot be represented in the current code page (1252)
C:\Users\pupil.F245-LAB\source\repos\Game\main.c(16,16): warning C4566: character represented by universal-character-name '\u0435' cannot be represented in the current code page (1252)
C:\Users\pupil.F245-LAB\source\repos\Game\main.c(16,16): warning C4566: character represented by universal-character-name '\u0434' cannot be represented in the current code page (1252)
C:\Users\pupil.F245-LAB\source\repos\Game\main.c(16,16): warning C4566: character represented by universal-character-name '\u0438' cannot be represented in the current code page (1252)
C:\Users\pupil.F245-LAB\source\repos\Game\main.c(16,16): warning C4566: character represented by universal-character-name '\u0441' cannot be represented in the current code page (1252)
C:\Users\pupil.F245-LAB\source\repos\Game\main.c(16,16): warning C4566: character represented by universal-character-name '\u043E' cannot be represented in the current code page (1252)
C:\Users\pupil.F245-LAB\source\repos\Game\main.c(16,16): warning C4566: character represented by universal-character-name '\u0447' cannot be represented in the current code page (1252)
C:\Users\pupil.F245-LAB\source\repos\Game\main.c(16,16): warning C4566: character represented by universal-character-name '\u043B' cannot be represented in the current code page (1252)
C:\Users\pupil.F245-LAB\source\repos\Game\main.c(20,20): warning C4566: character represented by universal-character-name '\u041F' cannot be represented in the current code page (1252)
C:\Users\pupil.F245-LAB\source\repos\Game\main.c(20,20): warning C4566: character represented by universal-character-name '\u043E' cannot be represented in the current code page (1252)
C:\Users\pupil.F245-LAB\source\repos\Game\main.c(20,20): warning C4566: character represented by universal-character-name '\u0437' cannot be represented in the current code page (1252)
C:\Users\pupil.F245-LAB\source\repos\Game\main.c(20,20): warning C4566: character represented by universal-character-name '\u0434' cannot be represented in the current code page (1252)
C:\Users\pupil.F245-LAB\source\repos\Game\main.c(20,20): warning C4566: character represented by universal-character-name '\u0440' cannot be represented in the current code page (1252)
C:\Users\pupil.F245-LAB\source\repos\Game\main.c(20,20): warning C4566: character represented by universal-character-name '\u0430' cannot be represented in the current code page (1252)
C:\Users\pupil.F245-LAB\source\repos\Game\main.c(20,20): warning C4566: character represented by universal-character-name '\u0432' cannot be represented in the current code page (1252)
C:\Users\pupil.F245-LAB\source\repos\Game\main.c(20,20): warning C4566: character represented by universal-character-name '\u043B' cannot be represented in the current code page (1252)
C:\Users\pupil.F245-LAB\source\repos\Game\main.c(20,20): warning C4566: character represented by universal-character-name '\u044F' cannot be represented in the current code page (1252)
C:\Users\pupil.F245-LAB\source\repos\Game\main.c(20,20): warning C4566: character represented by universal-character-name '\u044E' cannot be represented in the current code page (1252)
C:\Users\pupil.F245-LAB\source\repos\Game\main.c(20,20): warning C4566: character represented by universal-character-name '\u0422' cannot be represented in the current code page (1252)
C:\Users\pupil.F245-LAB\source\repos\Game\main.c(20,20): warning C4566: character represented by universal-character-name '\u044B' cannot be represented in the current code page (1252)
C:\Users\pupil.F245-LAB\source\repos\Game\main.c(20,20): warning C4566: character represented by universal-character-name '\u0443' cannot be represented in the current code page (1252)
C:\Users\pupil.F245-LAB\source\repos\Game\main.c(20,20): warning C4566: character represented by universal-character-name '\u0433' cannot be represented in the current code page (1252)
C:\Users\pupil.F245-LAB\source\repos\Game\main.c(20,20): warning C4566: character represented by universal-character-name '\u0447' cannot be represented in the current code page (1252)
C:\Users\pupil.F245-LAB\source\repos\Game\main.c(20,20): warning C4566: character represented by universal-character-name '\u0438' cannot be represented in the current code page (1252)
C:\Users\pupil.F245-LAB\source\repos\Game\main.c(20,20): warning C4566: character represented by universal-character-name '\u0441' cannot be represented in the current code page (1252)
C:\Users\pupil.F245-LAB\source\repos\Game\main.c(27,28): warning C4566: character represented by universal-character-name '\u041D' cannot be represented in the current code page (1252)
C:\Users\pupil.F245-LAB\source\repos\Game\main.c(27,28): warning C4566: character represented by universal-character-name '\u0435' cannot be represented in the current code page (1252)
C:\Users\pupil.F245-LAB\source\repos\Game\main.c(27,28): warning C4566: character represented by universal-character-name '\u0443' cannot be represented in the current code page (1252)
C:\Users\pupil.F245-LAB\source\repos\Game\main.c(27,28): warning C4566: character represented by universal-character-name '\u0433' cannot be represented in the current code page (1252)
C:\Users\pupil.F245-LAB\source\repos\Game\main.c(27,28): warning C4566: character represented by universal-character-name '\u0430' cannot be represented in the current code page (1252)
C:\Users\pupil.F245-LAB\source\repos\Game\main.c(27,28): warning C4566: character represented by universal-character-name '\u0434' cannot be represented in the current code page (1252)
C:\Users\pupil.F245-LAB\source\repos\Game\main.c(27,28): warning C4566: character represented by universal-character-name '\u043B' cannot be represented in the current code page (1252)
C:\Users\pupil.F245-LAB\source\repos\Game\main.c(27,28): warning C4566: character represented by universal-character-name '\u041F' cannot be represented in the current code page (1252)
C:\Users\pupil.F245-LAB\source\repos\Game\main.c(27,28): warning C4566: character represented by universal-character-name '\u043E' cannot be represented in the current code page (1252)
C:\Users\pupil.F245-LAB\source\repos\Game\main.c(27,28): warning C4566: character represented by universal-character-name '\u0441' cannot be represented in the current code page (1252)
C:\Users\pupil.F245-LAB\source\repos\Game\main.c(27,28): warning C4566: character represented by universal-character-name '\u043A' cannot be represented in the current code page (1252)
C:\Users\pupil.F245-LAB\source\repos\Game\main.c(27,28): warning C4566: character represented by universal-character-name '\u0437' cannot be represented in the current code page (1252)
C:\Users\pupil.F245-LAB\source\repos\Game\main.c(27,28): warning C4566: character represented by universal-character-name '\u0447' cannot be represented in the current code page (1252)
C:\Users\pupil.F245-LAB\source\repos\Game\main.c(27,28): warning C4566: character represented by universal-character-name '\u0438' cannot be represented in the current code page (1252)
C:\Users\pupil.F245-LAB\source\repos\Game\main.c(27,28): warning C4566: character represented by universal-character-name '\u0431' cannot be represented in the current code page (1252)
C:\Users\pupil.F245-LAB\source\repos\Game\main.c(27,28): warning C4566: character represented by universal-character-name '\u044C' cannot be represented in the current code page (1252)
C:\Users\pupil.F245-LAB\source\repos\Game\main.c(27,28): warning C4566: character represented by universal-character-name '\u0448' cannot be represented in the current code page (1252)
C:\Users\pupil.F245-LAB\source\repos\Game\main.c(30,28): warning C4566: character represented by universal-character-name '\u041D' cannot be represented in the current code page (1252)
C:\Users\pupil.F245-LAB\source\repos\Game\main.c(30,28): warning C4566: character represented by universal-character-name '\u0435' cannot be represented in the current code page (1252)
C:\Users\pupil.F245-LAB\source\repos\Game\main.c(30,28): warning C4566: character represented by universal-character-name '\u0443' cannot be represented in the current code page (1252)
C:\Users\pupil.F245-LAB\source\repos\Game\main.c(30,28): warning C4566: character represented by universal-character-name '\u0433' cannot be represented in the current code page (1252)
C:\Users\pupil.F245-LAB\source\repos\Game\main.c(30,28): warning C4566: character represented by universal-character-name '\u0430' cannot be represented in the current code page (1252)
C:\Users\pupil.F245-LAB\source\repos\Game\main.c(30,28): warning C4566: character represented by universal-character-name '\u0434' cannot be represented in the current code page (1252)
C:\Users\pupil.F245-LAB\source\repos\Game\main.c(30,28): warning C4566: character represented by universal-character-name '\u043B' cannot be represented in the current code page (1252)
C:\Users\pupil.F245-LAB\source\repos\Game\main.c(30,28): warning C4566: character represented by universal-character-name '\u041F' cannot be represented in the current code page (1252)
C:\Users\pupil.F245-LAB\source\repos\Game\main.c(30,28): warning C4566: character represented by universal-character-name '\u043E' cannot be represented in the current code page (1252)
C:\Users\pupil.F245-LAB\source\repos\Game\main.c(30,28): warning C4566: character represented by universal-character-name '\u0441' cannot be represented in the current code page (1252)
C:\Users\pupil.F245-LAB\source\repos\Game\main.c(30,28): warning C4566: character represented by universal-character-name '\u043A' cannot be represented in the current code page (1252)
C:\Users\pupil.F245-LAB\source\repos\Game\main.c(30,28): warning C4566: character represented by universal-character-name '\u0437' cannot be represented in the current code page (1252)
C:\Users\pupil.F245-LAB\source\repos\Game\main.c(30,28): warning C4566: character represented by universal-character-name '\u0447' cannot be represented in the current code page (1252)
C:\Users\pupil.F245-LAB\source\repos\Game\main.c(30,28): warning C4566: character represented by universal-character-name '\u0438' cannot be represented in the current code page (1252)
C:\Users\pupil.F245-LAB\source\repos\Game\main.c(30,28): warning C4566: character represented by universal-character-name '\u043C' cannot be represented in the current code page (1252)
C:\Users\pupil.F245-LAB\source\repos\Game\main.c(30,28): warning C4566: character represented by universal-character-name '\u043D' cannot be represented in the current code page (1252)
C:\Users\pupil.F245-LAB\source\repos\Game\main.c(30,28): warning C4566: character represented by universal-character-name '\u044C' cannot be represented in the current code page (1252)
C:\Users\pupil.F245-LAB\source\repos\Game\main.c(30,28): warning C4566: character represented by universal-character-name '\u0448' cannot be represented in the current code page (1252)
C:\Users\pupil.F245-LAB\source\repos\Game\main.c(30,28): warning C4566: character represented by universal-character-name '\u0440' cannot be represented in the current code page (1252)
C:\Users\pupil.F245-LAB\source\repos\Game\main.c(30,28): warning C4566: character represented by universal-character-name '\u0432' cannot be represented in the current code page (1252)
C:\Users\pupil.F245-LAB\source\repos\Game\main.c(32,24): warning C4566: character represented by universal-character-name '\u0423' cannot be represented in the current code page (1252)
C:\Users\pupil.F245-LAB\source\repos\Game\main.c(32,24): warning C4566: character represented by universal-character-name '\u0442' cannot be represented in the current code page (1252)
C:\Users\pupil.F245-LAB\source\repos\Game\main.c(32,24): warning C4566: character represented by universal-character-name '\u0435' cannot be represented in the current code page (1252)
C:\Users\pupil.F245-LAB\source\repos\Game\main.c(32,24): warning C4566: character represented by universal-character-name '\u0431' cannot be represented in the current code page (1252)
C:\Users\pupil.F245-LAB\source\repos\Game\main.c(32,24): warning C4566: character represented by universal-character-name '\u044F' cannot be represented in the current code page (1252)
C:\Users\pupil.F245-LAB\source\repos\Game\main.c(32,24): warning C4566: character represented by universal-character-name '\u043E' cannot be represented in the current code page (1252)
C:\Users\pupil.F245-LAB\source\repos\Game\main.c(32,24): warning C4566: character represented by universal-character-name '\u0441' cannot be represented in the current code page (1252)
C:\Users\pupil.F245-LAB\source\repos\Game\main.c(32,24): warning C4566: character represented by universal-character-name '\u0430' cannot be represented in the current code page (1252)
C:\Users\pupil.F245-LAB\source\repos\Game\main.c(32,24): warning C4566: character represented by universal-character-name '\u043B' cannot be represented in the current code page (1252)
C:\Users\pupil.F245-LAB\source\repos\Game\main.c(32,24): warning C4566: character represented by universal-character-name '\u044C' cannot be represented in the current code page (1252)
C:\Users\pupil.F245-LAB\source\repos\Game\main.c(32,24): warning C4566: character represented by universal-character-name '\u043F' cannot be represented in the current code page (1252)
C:\Users\pupil.F245-LAB\source\repos\Game\main.c(32,24): warning C4566: character represented by universal-character-name '\u044B' cannot be represented in the current code page (1252)
C:\Users\pupil.F245-LAB\source\repos\Game\main.c(32,24): warning C4566: character represented by universal-character-name '\u043A' cannot be represented in the current code page (1252)
C:\Users\pupil.F245-LAB\source\repos\Game\main.c(32,24): warning C4566: character represented by universal-character-name '\u0438' cannot be represented in the current code page (1252)
C:\Users\pupil.F245-LAB\source\repos\Game\main.c(38,12): warning C4566: character represented by universal-character-name '\u0422' cannot be represented in the current code page (1252)
C:\Users\pupil.F245-LAB\source\repos\Game\main.c(38,12): warning C4566: character represented by universal-character-name '\u044B' cannot be represented in the current code page (1252)
C:\Users\pupil.F245-LAB\source\repos\Game\main.c(38,12): warning C4566: character represented by universal-character-name '\u043F' cannot be represented in the current code page (1252)
C:\Users\pupil.F245-LAB\source\repos\Game\main.c(38,12): warning C4566: character represented by universal-character-name '\u0440' cannot be represented in the current code page (1252)
C:\Users\pupil.F245-LAB\source\repos\Game\main.c(38,12): warning C4566: character represented by universal-character-name '\u043E' cannot be represented in the current code page (1252)
C:\Users\pupil.F245-LAB\source\repos\Game\main.c(38,12): warning C4566: character represented by universal-character-name '\u0438' cannot be represented in the current code page (1252)
C:\Users\pupil.F245-LAB\source\repos\Game\main.c(38,12): warning C4566: character represented by universal-character-name '\u0433' cannot be represented in the current code page (1252)
C:\Users\pupil.F245-LAB\source\repos\Game\main.c(38,12): warning C4566: character represented by universal-character-name '\u0430' cannot be represented in the current code page (1252)
C:\Users\pupil.F245-LAB\source\repos\Game\main.c(38,12): warning C4566: character represented by universal-character-name '\u043B' cannot be represented in the current code page (1252)
C:\Users\pupil.F245-LAB\source\repos\Game\main.c(38,12): warning C4566: character represented by universal-character-name '\u042F' cannot be represented in the current code page (1252)
C:\Users\pupil.F245-LAB\source\repos\Game\main.c(38,12): warning C4566: character represented by universal-character-name '\u0437' cannot be represented in the current code page (1252)
C:\Users\pupil.F245-LAB\source\repos\Game\main.c(38,12): warning C4566: character represented by universal-character-name '\u0434' cannot be represented in the current code page (1252)
C:\Users\pupil.F245-LAB\source\repos\Game\main.c(38,12): warning C4566: character represented by universal-character-name '\u0447' cannot be represented in the current code page (1252)
C:\Users\pupil.F245-LAB\source\repos\Game\main.c(38,12): warning C4566: character represented by universal-character-name '\u0441' cannot be represented in the current code page (1252)
C:\Users\pupil.F245-LAB\source\repos\Game\main.c(17,9): error C4996: 'scanf': This function or variable may be unsafe. Consider using scanf_s instead. To disable deprecation, use _CRT_SECURE_NO_WARNINGS. See online help for details.
